Determining if the pthread_create exist failed with the following output:
Change Dir: /home/mxb/gym-gazebo/gym_gazebo/envs/installation/catkin_ws/build/CMakeFiles/CMakeTmp

Run Build Command:/usr/bin/make "cmTryCompileExec1728030821/fast"
/usr/bin/make -f CMakeFiles/cmTryCompileExec1728030821.dir/build.make CMakeFiles/cmTryCompileExec1728030821.dir/build
make[1]: entrant dans le répertoire « /home/mxb/gym-gazebo/gym_gazebo/envs/installation/catkin_ws/build/CMakeFiles/CMakeTmp »
/usr/bin/cmake -E cmake_progress_report /home/mxb/gym-gazebo/gym_gazebo/envs/installation/catkin_ws/build/CMakeFiles/CMakeTmp/CMakeFiles 1
Building C object CMakeFiles/cmTryCompileExec1728030821.dir/CheckSymbolExists.c.o
/usr/bin/cc    -o CMakeFiles/cmTryCompileExec1728030821.dir/CheckSymbolExists.c.o   -c /home/mxb/gym-gazebo/gym_gazebo/envs/installation/catkin_ws/build/CMakeFiles/CMakeTmp/CheckSymbolExists.c
Linking C executable cmTryCompileExec1728030821
/usr/bin/cmake -E cmake_link_script CMakeFiles/cmTryCompileExec1728030821.dir/link.txt --verbose=1
/usr/bin/cc       CMakeFiles/cmTryCompileExec1728030821.dir/CheckSymbolExists.c.o  -o cmTryCompileExec1728030821 -rdynamic 
CMakeFiles/cmTryCompileExec1728030821.dir/CheckSymbolExists.c.o : Dans la fonction « main » :
CheckSymbolExists.c:(.text+0x16) : référence indéfinie vers « pthread_create »
collect2: error: ld returned 1 exit status
make[1]: quittant le répertoire « /home/mxb/gym-gazebo/gym_gazebo/envs/installation/catkin_ws/build/CMakeFiles/CMakeTmp »
make[1]: *** [cmTryCompileExec1728030821] Erreur 1
make: *** [cmTryCompileExec1728030821/fast] Erreur 2

File /home/mxb/gym-gazebo/gym_gazebo/envs/installation/catkin_ws/build/CMakeFiles/CMakeTmp/CheckSymbolExists.c:
/* */
#include <pthread.h>

int main(int argc, char** argv)
{
  (void)argv;
#ifndef pthread_create
  return ((int*)(&pthread_create))[argc];
#else
  (void)argc;
  return 0;
#endif
}

Determining if the function pthread_create exists in the pthreads failed with the following output:
Change Dir: /home/mxb/gym-gazebo/gym_gazebo/envs/installation/catkin_ws/build/CMakeFiles/CMakeTmp

Run Build Command:/usr/bin/make "cmTryCompileExec2216800962/fast"
/usr/bin/make -f CMakeFiles/cmTryCompileExec2216800962.dir/build.make CMakeFiles/cmTryCompileExec2216800962.dir/build
make[1]: entrant dans le répertoire « /home/mxb/gym-gazebo/gym_gazebo/envs/installation/catkin_ws/build/CMakeFiles/CMakeTmp »
/usr/bin/cmake -E cmake_progress_report /home/mxb/gym-gazebo/gym_gazebo/envs/installation/catkin_ws/build/CMakeFiles/CMakeTmp/CMakeFiles 1
Building C object CMakeFiles/cmTryCompileExec2216800962.dir/CheckFunctionExists.c.o
/usr/bin/cc   -DCHECK_FUNCTION_EXISTS=pthread_create   -o CMakeFiles/cmTryCompileExec2216800962.dir/CheckFunctionExists.c.o   -c /usr/share/cmake-2.8/Modules/CheckFunctionExists.c
Linking C executable cmTryCompileExec2216800962
/usr/bin/cmake -E cmake_link_script CMakeFiles/cmTryCompileExec2216800962.dir/link.txt --verbose=1
/usr/bin/cc   -DCHECK_FUNCTION_EXISTS=pthread_create    CMakeFiles/cmTryCompileExec2216800962.dir/CheckFunctionExists.c.o  -o cmTryCompileExec2216800962 -rdynamic -lpthreads 
/usr/bin/ld : ne peut trouver -lpthreads
collect2: error: ld returned 1 exit status
make[1]: quittant le répertoire « /home/mxb/gym-gazebo/gym_gazebo/envs/installation/catkin_ws/build/CMakeFiles/CMakeTmp »
make[1]: *** [cmTryCompileExec2216800962] Erreur 1
make: *** [cmTryCompileExec2216800962/fast] Erreur 2


Determining if the system is big endian passed with the following output:
Change Dir: /home/mxb/gym-gazebo/gym_gazebo/envs/installation/catkin_ws/build/CMakeFiles/CMakeTmp

Run Build Command:/usr/bin/make "cmTryCompileExec4262553195/fast"
/usr/bin/make -f CMakeFiles/cmTryCompileExec4262553195.dir/build.make CMakeFiles/cmTryCompileExec4262553195.dir/build
make[1]: entrant dans le répertoire « /home/mxb/gym-gazebo/gym_gazebo/envs/installation/catkin_ws/build/CMakeFiles/CMakeTmp »
/usr/bin/cmake -E cmake_progress_report /home/mxb/gym-gazebo/gym_gazebo/envs/installation/catkin_ws/build/CMakeFiles/CMakeTmp/CMakeFiles 1
Building C object CMakeFiles/cmTryCompileExec4262553195.dir/TestEndianess.c.o
/usr/bin/cc    -o CMakeFiles/cmTryCompileExec4262553195.dir/TestEndianess.c.o   -c /home/mxb/gym-gazebo/gym_gazebo/envs/installation/catkin_ws/build/CMakeFiles/CMakeTmp/TestEndianess.c
Linking C executable cmTryCompileExec4262553195
/usr/bin/cmake -E cmake_link_script CMakeFiles/cmTryCompileExec4262553195.dir/link.txt --verbose=1
/usr/bin/cc       CMakeFiles/cmTryCompileExec4262553195.dir/TestEndianess.c.o  -o cmTryCompileExec4262553195 -rdynamic 
make[1]: quittant le répertoire « /home/mxb/gym-gazebo/gym_gazebo/envs/installation/catkin_ws/build/CMakeFiles/CMakeTmp »

TestEndianess.c:
/* A 16 bit integer is required. */
typedef unsigned short cmakeint16;

/* On a little endian machine, these 16bit ints will give "THIS IS LITTLE ENDIAN."
   On a big endian machine the characters will be exchanged pairwise. */
const cmakeint16 info_little[] =  {0x4854, 0x5349, 0x4920, 0x2053, 0x494c, 0x5454, 0x454c, 0x4520, 0x444e, 0x4149, 0x2e4e, 0x0000};

/* on a big endian machine, these 16bit ints will give "THIS IS BIG ENDIAN."
   On a little endian machine the characters will be exchanged pairwise. */
const cmakeint16 info_big[] =     {0x5448, 0x4953, 0x2049, 0x5320, 0x4249, 0x4720, 0x454e, 0x4449, 0x414e, 0x2e2e, 0x0000};

#ifdef __CLASSIC_C__
int main(argc, argv) int argc; char *argv[];
#else
int main(int argc, char *argv[])
#endif
{
  int require = 0;
  require += info_little[argc];
  require += info_big[argc];
  (void)argv;
  return require;
}


Determining if the Q_WS_WIN exist failed with the following output:
Change Dir: /home/mxb/gym-gazebo/gym_gazebo/envs/installation/catkin_ws/build/CMakeFiles/CMakeTmp

Run Build Command:/usr/bin/make "cmTryCompileExec2624694851/fast"
/usr/bin/make -f CMakeFiles/cmTryCompileExec2624694851.dir/build.make CMakeFiles/cmTryCompileExec2624694851.dir/build
make[1]: entrant dans le répertoire « /home/mxb/gym-gazebo/gym_gazebo/envs/installation/catkin_ws/build/CMakeFiles/CMakeTmp »
/usr/bin/cmake -E cmake_progress_report /home/mxb/gym-gazebo/gym_gazebo/envs/installation/catkin_ws/build/CMakeFiles/CMakeTmp/CMakeFiles 1
Building CXX object CMakeFiles/cmTryCompileExec2624694851.dir/CheckSymbolExists.cxx.o
/usr/bin/c++    -I/usr/include/qt4    -o CMakeFiles/cmTryCompileExec2624694851.dir/CheckSymbolExists.cxx.o -c /home/mxb/gym-gazebo/gym_gazebo/envs/installation/catkin_ws/build/CMakeFiles/CMakeTmp/CheckSymbolExists.cxx
/home/mxb/gym-gazebo/gym_gazebo/envs/installation/catkin_ws/build/CMakeFiles/CMakeTmp/CheckSymbolExists.cxx: In function ‘int main(int, char**)’:
/home/mxb/gym-gazebo/gym_gazebo/envs/installation/catkin_ws/build/CMakeFiles/CMakeTmp/CheckSymbolExists.cxx:8:19: error: ‘Q_WS_WIN’ was not declared in this scope
   return ((int*)(&Q_WS_WIN))[argc];
                   ^
make[1]: quittant le répertoire « /home/mxb/gym-gazebo/gym_gazebo/envs/installation/catkin_ws/build/CMakeFiles/CMakeTmp »
make[1]: *** [CMakeFiles/cmTryCompileExec2624694851.dir/CheckSymbolExists.cxx.o] Erreur 1
make: *** [cmTryCompileExec2624694851/fast] Erreur 2

File /home/mxb/gym-gazebo/gym_gazebo/envs/installation/catkin_ws/build/CMakeFiles/CMakeTmp/CheckSymbolExists.cxx:
/* */
#include <QtCore/qglobal.h>

int main(int argc, char** argv)
{
  (void)argv;
#ifndef Q_WS_WIN
  return ((int*)(&Q_WS_WIN))[argc];
#else
  (void)argc;
  return 0;
#endif
}

Determining if the Q_WS_QWS exist failed with the following output:
Change Dir: /home/mxb/gym-gazebo/gym_gazebo/envs/installation/catkin_ws/build/CMakeFiles/CMakeTmp

Run Build Command:/usr/bin/make "cmTryCompileExec2522872422/fast"
/usr/bin/make -f CMakeFiles/cmTryCompileExec2522872422.dir/build.make CMakeFiles/cmTryCompileExec2522872422.dir/build
make[1]: entrant dans le répertoire « /home/mxb/gym-gazebo/gym_gazebo/envs/installation/catkin_ws/build/CMakeFiles/CMakeTmp »
/usr/bin/cmake -E cmake_progress_report /home/mxb/gym-gazebo/gym_gazebo/envs/installation/catkin_ws/build/CMakeFiles/CMakeTmp/CMakeFiles 1
Building CXX object CMakeFiles/cmTryCompileExec2522872422.dir/CheckSymbolExists.cxx.o
/usr/bin/c++    -I/usr/include/qt4    -o CMakeFiles/cmTryCompileExec2522872422.dir/CheckSymbolExists.cxx.o -c /home/mxb/gym-gazebo/gym_gazebo/envs/installation/catkin_ws/build/CMakeFiles/CMakeTmp/CheckSymbolExists.cxx
/home/mxb/gym-gazebo/gym_gazebo/envs/installation/catkin_ws/build/CMakeFiles/CMakeTmp/CheckSymbolExists.cxx: In function ‘int main(int, char**)’:
/home/mxb/gym-gazebo/gym_gazebo/envs/installation/catkin_ws/build/CMakeFiles/CMakeTmp/CheckSymbolExists.cxx:8:19: error: ‘Q_WS_QWS’ was not declared in this scope
   return ((int*)(&Q_WS_QWS))[argc];
                   ^
make[1]: quittant le répertoire « /home/mxb/gym-gazebo/gym_gazebo/envs/installation/catkin_ws/build/CMakeFiles/CMakeTmp »
make[1]: *** [CMakeFiles/cmTryCompileExec2522872422.dir/CheckSymbolExists.cxx.o] Erreur 1
make: *** [cmTryCompileExec2522872422/fast] Erreur 2

File /home/mxb/gym-gazebo/gym_gazebo/envs/installation/catkin_ws/build/CMakeFiles/CMakeTmp/CheckSymbolExists.cxx:
/* */
#include <QtCore/qglobal.h>

int main(int argc, char** argv)
{
  (void)argv;
#ifndef Q_WS_QWS
  return ((int*)(&Q_WS_QWS))[argc];
#else
  (void)argc;
  return 0;
#endif
}

Determining if the Q_WS_MAC exist failed with the following output:
Change Dir: /home/mxb/gym-gazebo/gym_gazebo/envs/installation/catkin_ws/build/CMakeFiles/CMakeTmp

Run Build Command:/usr/bin/make "cmTryCompileExec2918182990/fast"
/usr/bin/make -f CMakeFiles/cmTryCompileExec2918182990.dir/build.make CMakeFiles/cmTryCompileExec2918182990.dir/build
make[1]: entrant dans le répertoire « /home/mxb/gym-gazebo/gym_gazebo/envs/installation/catkin_ws/build/CMakeFiles/CMakeTmp »
/usr/bin/cmake -E cmake_progress_report /home/mxb/gym-gazebo/gym_gazebo/envs/installation/catkin_ws/build/CMakeFiles/CMakeTmp/CMakeFiles 1
Building CXX object CMakeFiles/cmTryCompileExec2918182990.dir/CheckSymbolExists.cxx.o
/usr/bin/c++    -I/usr/include/qt4    -o CMakeFiles/cmTryCompileExec2918182990.dir/CheckSymbolExists.cxx.o -c /home/mxb/gym-gazebo/gym_gazebo/envs/installation/catkin_ws/build/CMakeFiles/CMakeTmp/CheckSymbolExists.cxx
/home/mxb/gym-gazebo/gym_gazebo/envs/installation/catkin_ws/build/CMakeFiles/CMakeTmp/CheckSymbolExists.cxx: In function ‘int main(int, char**)’:
/home/mxb/gym-gazebo/gym_gazebo/envs/installation/catkin_ws/build/CMakeFiles/CMakeTmp/CheckSymbolExists.cxx:8:19: error: ‘Q_WS_MAC’ was not declared in this scope
   return ((int*)(&Q_WS_MAC))[argc];
                   ^
make[1]: quittant le répertoire « /home/mxb/gym-gazebo/gym_gazebo/envs/installation/catkin_ws/build/CMakeFiles/CMakeTmp »
make[1]: *** [CMakeFiles/cmTryCompileExec2918182990.dir/CheckSymbolExists.cxx.o] Erreur 1
make: *** [cmTryCompileExec2918182990/fast] Erreur 2

File /home/mxb/gym-gazebo/gym_gazebo/envs/installation/catkin_ws/build/CMakeFiles/CMakeTmp/CheckSymbolExists.cxx:
/* */
#include <QtCore/qglobal.h>

int main(int argc, char** argv)
{
  (void)argv;
#ifndef Q_WS_MAC
  return ((int*)(&Q_WS_MAC))[argc];
#else
  (void)argc;
  return 0;
#endif
}

